#
# There is insufficient memory for the Java Runtime Environment to continue.
# Native memory allocation (malloc) failed to allocate 1054736 bytes for Chunk::new
# Possible reasons:
#   The system is out of physical RAM or swap space
#   The process is running with CompressedOops enabled, and the Java Heap may be blocking the growth of the native heap
# Possible solutions:
#   Reduce memory load on the system
#   Increase physical memory or swap space
#   Check if swap backing store is full
#   Decrease Java heap size (-Xmx/-Xms)
#   Decrease number of Java threads
#   Decrease Java thread stack sizes (-Xss)
#   Set larger code cache with -XX:ReservedCodeCacheSize=
#   JVM is running with Unscaled Compressed Oops mode in which the Java heap is
#     placed in the first 4GB address space. The Java Heap base address is the
#     maximum limit for the native heap growth. Please use -XX:HeapBaseMinAddress
#     to set the Java Heap base and to place the Java Heap above 4GB virtual address.
# This output file may be truncated or incomplete.
#
#  Out of Memory Error (./src/hotspot/share/memory/arena.cpp:197), pid=3576, tid=11620
#
# JRE version: OpenJDK Runtime Environment (11.0.12+7) (build 11.0.12+7-b1504.28-7817840)
# Java VM: OpenJDK 64-Bit Server VM (11.0.12+7-b1504.28-7817840, mixed mode, tiered, compressed oops, g1 gc, windows-amd64)
# No core dump will be written. Minidumps are not enabled by default on client versions of Windows
#

---------------  S U M M A R Y ------------

Command Line: --add-opens=java.base/java.util=ALL-UNNAMED --add-opens=java.base/java.lang=ALL-UNNAMED --add-opens=java.base/java.lang.invoke=ALL-UNNAMED --add-opens=java.base/java.util=ALL-UNNAMED --add-opens=java.prefs/java.util.prefs=ALL-UNNAMED --add-opens=java.prefs/java.util.prefs=ALL-UNNAMED --add-opens=java.base/java.nio.charset=ALL-UNNAMED --add-opens=java.base/java.net=ALL-UNNAMED --add-opens=java.base/java.util.concurrent.atomic=ALL-UNNAMED -Xmx2048m -Dfile.encoding=UTF-8 -Duser.country=US -Duser.language=en -Duser.variant org.gradle.launcher.daemon.bootstrap.GradleDaemon 7.3.3

Host: Intel(R) Core(TM) i7-6820HQ CPU @ 2.70GHz, 8 cores, 7G,  Windows 10 , 64 bit Build 19041 (10.0.19041.1889)
Time: Tue Sep 27 12:43:05 2022 SE Asia Standard Time elapsed time: 25.134017 seconds (0d 0h 0m 25s)

---------------  T H R E A D  ---------------

Current thread (0x000002505395d800):  JavaThread "C2 CompilerThread0" daemon [_thread_in_native, id=11620, stack(0x0000005548a00000,0x0000005548b00000)]


Current CompileTask:
C2:  25134 8561       4       java.lang.invoke.MethodType::makeImpl (108 bytes)

Stack: [0x0000005548a00000,0x0000005548b00000]
Native frames: (J=compiled Java code, j=interpreted, Vv=VM code, C=native code)
V  [jvm.dll+0x5fbcea]
V  [jvm.dll+0x731905]
V  [jvm.dll+0x732f1d]
V  [jvm.dll+0x7335d3]
V  [jvm.dll+0x247bf8]
V  [jvm.dll+0xc018c]
V  [jvm.dll+0xc06cc]
V  [jvm.dll+0x35b2db]
V  [jvm.dll+0x19d0bc]
V  [jvm.dll+0x20070e]
V  [jvm.dll+0x1ff794]
V  [jvm.dll+0x18868c]
V  [jvm.dll+0x20e0d7]
V  [jvm.dll+0x20c901]
V  [jvm.dll+0x6f9b7f]
V  [jvm.dll+0x6f26a5]
V  [jvm.dll+0x5fabf6]
C  [ucrtbase.dll+0x21bb2]
C  [KERNEL32.DLL+0x17034]
C  [ntdll.dll+0x526a1]


---------------  P R O C E S S  ---------------

Threads class SMR info:
_java_thread_list=0x0000025054a20d70, length=132, elements={
0x0000025038409800, 0x0000025052fd3000, 0x0000025052fd4000, 0x0000025053955800,
0x0000025053957000, 0x0000025053958000, 0x000002505395d800, 0x000002505395f000,
0x0000025053970800, 0x0000025053aab000, 0x0000025055137000, 0x0000025054ab4800,
0x000002505548e800, 0x00000250557b4000, 0x00000250571ef800, 0x0000025054dca800,
0x0000025055caa800, 0x000002505696d800, 0x00000250557ef800, 0x0000025054461000,
0x0000025054460800, 0x000002505445f800, 0x0000025054462000, 0x00000250549c2000,
0x00000250549c1800, 0x00000250549c3000, 0x00000250549bf000, 0x00000250549be000,
0x00000250549bf800, 0x00000250549c0800, 0x00000250549c8000, 0x00000250549c8800,
0x00000250549ca800, 0x00000250549c6000, 0x00000250549c7000, 0x00000250549c5800,
0x00000250549c4800, 0x00000250549cb000, 0x00000250549cc000, 0x0000025059264800,
0x0000025059269800, 0x0000025059268000, 0x0000025059266800, 0x0000025059265800,
0x0000025059267000, 0x0000025059269000, 0x0000025059264000, 0x0000025059270000,
0x000002505926c000, 0x000002505926d800, 0x000002505926f800, 0x000002505926a800,
0x000002505926b000, 0x000002505926d000, 0x0000025059271000, 0x0000025059272800,
0x000002505926e800, 0x0000025059272000, 0x0000025056ec1000, 0x0000025056ebe800,
0x0000025056ec1800, 0x0000025056ec4000, 0x0000025056ec5000, 0x0000025056ec3000,
0x0000025056ec2800, 0x0000025056ebf000, 0x0000025056ec5800, 0x0000025056ec0000,
0x0000025056eca800, 0x0000025056ec7800, 0x0000025056ec8000, 0x0000025056ec6800,
0x0000025056ecd000, 0x0000025056ec9000, 0x0000025056ecb800, 0x0000025056eca000,
0x0000025056ecc000, 0x0000025053f0f800, 0x0000025053f11800, 0x0000025053f11000,
0x0000025053f12800, 0x0000025053f10000, 0x0000025053f0d000, 0x0000025053f13800,
0x0000025053f0d800, 0x0000025053f0e800, 0x0000025053f16000, 0x0000025053f1a000,
0x0000025053f17800, 0x0000025053f18800, 0x0000025053f14000, 0x0000025053f15000,
0x0000025053f1a800, 0x0000025053f19000, 0x0000025053f16800, 0x0000025053f1b800,
0x00000250591ad800, 0x00000250591b1000, 0x00000250591af800, 0x00000250591ac000,
0x00000250591b0000, 0x00000250591ad000, 0x00000250591ae800, 0x00000250591ab000,
0x00000250591b2800, 0x00000250591b3800, 0x00000250591b2000, 0x00000250591b6000,
0x00000250591b6800, 0x00000250591b7800, 0x00000250591b8800, 0x00000250591b5000,
0x00000250591ba000, 0x00000250591b9000, 0x00000250591b4000, 0x0000025056f83000,
0x0000025056f83800, 0x0000025056f84800, 0x0000025056f85800, 0x0000025056f7f800,
0x0000025056f86000, 0x0000025059c5c800, 0x0000025056f80800, 0x0000025056f81800,
0x0000025056f88000, 0x0000025056f82000, 0x0000025056f88800, 0x0000025056f8b000,
0x0000025056f8a000, 0x0000025056f8c000, 0x0000025056f8c800, 0x0000025056f89800
}

Java Threads: ( => current thread )
  0x0000025038409800 JavaThread "main" [_thread_blocked, id=8520, stack(0x0000005547e00000,0x0000005547f00000)]
  0x0000025052fd3000 JavaThread "Reference Handler" daemon [_thread_blocked, id=9516, stack(0x0000005548500000,0x0000005548600000)]
  0x0000025052fd4000 JavaThread "Finalizer" daemon [_thread_blocked, id=7308, stack(0x0000005548600000,0x0000005548700000)]
  0x0000025053955800 JavaThread "Signal Dispatcher" daemon [_thread_blocked, id=3012, stack(0x0000005548700000,0x0000005548800000)]
  0x0000025053957000 JavaThread "Attach Listener" daemon [_thread_blocked, id=12460, stack(0x0000005548800000,0x0000005548900000)]
  0x0000025053958000 JavaThread "Service Thread" daemon [_thread_blocked, id=5636, stack(0x0000005548900000,0x0000005548a00000)]
=>0x000002505395d800 JavaThread "C2 CompilerThread0" daemon [_thread_in_native, id=11620, stack(0x0000005548a00000,0x0000005548b00000)]
  0x000002505395f000 JavaThread "C1 CompilerThread0" daemon [_thread_blocked, id=11800, stack(0x0000005548b00000,0x0000005548c00000)]
  0x0000025053970800 JavaThread "Sweeper thread" daemon [_thread_blocked, id=1328, stack(0x0000005548c00000,0x0000005548d00000)]
  0x0000025053aab000 JavaThread "Common-Cleaner" daemon [_thread_blocked, id=8148, stack(0x0000005548d00000,0x0000005548e00000)]
  0x0000025055137000 JavaThread "Daemon health stats" [_thread_blocked, id=10872, stack(0x0000005549200000,0x0000005549300000)]
  0x0000025054ab4800 JavaThread "Incoming local TCP Connector on port 50332" [_thread_in_native, id=5180, stack(0x0000005548f00000,0x0000005549000000)]
  0x000002505548e800 JavaThread "Daemon periodic checks" [_thread_blocked, id=1604, stack(0x0000005549300000,0x0000005549400000)]
  0x00000250557b4000 JavaThread "Daemon" [_thread_blocked, id=904, stack(0x0000005549400000,0x0000005549500000)]
  0x00000250571ef800 JavaThread "Handler for socket connection from /127.0.0.1:50332 to /127.0.0.1:50333" [_thread_in_native, id=11268, stack(0x0000005549500000,0x0000005549600000)]
  0x0000025054dca800 JavaThread "Cancel handler" [_thread_blocked, id=5600, stack(0x0000005549600000,0x0000005549700000)]
  0x0000025055caa800 JavaThread "Daemon worker" [_thread_blocked, id=12296, stack(0x0000005549700000,0x0000005549800000)]
  0x000002505696d800 JavaThread "Asynchronous log dispatcher for DefaultDaemonConnection: socket connection from /127.0.0.1:50332 to /127.0.0.1:50333" [_thread_blocked, id=6512, stack(0x0000005549800000,0x0000005549900000)]
  0x00000250557ef800 JavaThread "Stdin handler" [_thread_blocked, id=8280, stack(0x0000005549900000,0x0000005549a00000)]
  0x0000025054461000 JavaThread "Daemon client event forwarder" [_thread_blocked, id=9916, stack(0x0000005549a00000,0x0000005549b00000)]
  0x0000025054460800 JavaThread "Cache worker for journal cache (C:\Users\Phuong Nam\.gradle\caches\journal-1)" [_thread_blocked, id=10760, stack(0x000000554a000000,0x000000554a100000)]
  0x000002505445f800 JavaThread "File lock request listener" [_thread_in_native, id=6156, stack(0x000000554a100000,0x000000554a200000)]
  0x0000025054462000 JavaThread "Cache worker for file hash cache (C:\Users\Phuong Nam\.gradle\caches\7.3.3\fileHashes)" [_thread_blocked, id=2952, stack(0x000000554a200000,0x000000554a300000)]
  0x00000250549c2000 JavaThread "Cache worker for file hash cache (C:\Users\Phuong Nam\SFM\.gradle\7.3.3\fileHashes)" [_thread_blocked, id=12720, stack(0x000000554a500000,0x000000554a600000)]
  0x00000250549c1800 JavaThread "File watcher server" daemon [_thread_in_native, id=272, stack(0x000000554a600000,0x000000554a700000)]
  0x00000250549c3000 JavaThread "File watcher consumer" daemon [_thread_blocked, id=8652, stack(0x000000554a700000,0x000000554a800000)]
  0x00000250549bf000 JavaThread "Cache worker for checksums cache (C:\Users\Phuong Nam\SFM\.gradle\7.3.3\checksums)" [_thread_blocked, id=8540, stack(0x000000554a800000,0x000000554a900000)]
  0x00000250549be000 JavaThread "Cache worker for cache directory md-supplier (C:\Users\Phuong Nam\.gradle\caches\7.3.3\md-supplier)" [_thread_blocked, id=12512, stack(0x000000554a900000,0x000000554aa00000)]
  0x00000250549bf800 JavaThread "Cache worker for cache directory md-rule (C:\Users\Phuong Nam\.gradle\caches\7.3.3\md-rule)" [_thread_blocked, id=10324, stack(0x000000554aa00000,0x000000554ab00000)]
  0x00000250549c0800 JavaThread "Cache worker for execution history cache (C:\Users\Phuong Nam\.gradle\caches\7.3.3\executionHistory)" [_thread_blocked, id=7160, stack(0x000000554ab00000,0x000000554ac00000)]
  0x00000250549c8000 JavaThread "jar transforms" [_thread_blocked, id=8496, stack(0x000000554ac00000,0x000000554ad00000)]
  0x00000250549c8800 JavaThread "Cache worker for file content cache (C:\Users\Phuong Nam\.gradle\caches\7.3.3\fileContent)" [_thread_blocked, id=12028, stack(0x000000554ad00000,0x000000554ae00000)]
  0x00000250549ca800 JavaThread "jar transforms Thread 2" [_thread_blocked, id=2612, stack(0x000000554ae00000,0x000000554af00000)]
  0x00000250549c6000 JavaThread "Cache worker for dependencies-accessors (C:\Users\Phuong Nam\SFM\.gradle\7.3.3\dependencies-accessors)" [_thread_blocked, id=9388, stack(0x000000554af00000,0x000000554b000000)]
  0x00000250549c7000 JavaThread "jar transforms Thread 3" [_thread_blocked, id=9756, stack(0x000000554b000000,0x000000554b100000)]
  0x00000250549c5800 JavaThread "Cache worker for Build Output Cleanup Cache (C:\Users\Phuong Nam\SFM\.gradle\buildOutputCleanup)" [_thread_blocked, id=4252, stack(0x000000554a400000,0x000000554a500000)]
  0x00000250549c4800 JavaThread "Unconstrained build operations" [_thread_blocked, id=3424, stack(0x000000554b200000,0x000000554b300000)]
  0x00000250549cb000 JavaThread "Unconstrained build operations Thread 2" [_thread_blocked, id=3464, stack(0x000000554b300000,0x000000554b400000)]
  0x00000250549cc000 JavaThread "Unconstrained build operations Thread 3" [_thread_blocked, id=7708, stack(0x000000554b400000,0x000000554b500000)]
  0x0000025059264800 JavaThread "Unconstrained build operations Thread 4" [_thread_blocked, id=8700, stack(0x000000554b500000,0x000000554b600000)]
  0x0000025059269800 JavaThread "Unconstrained build operations Thread 5" [_thread_blocked, id=6268, stack(0x000000554b600000,0x000000554b700000)]
  0x0000025059268000 JavaThread "Unconstrained build operations Thread 6" [_thread_blocked, id=4064, stack(0x000000554b700000,0x000000554b800000)]
  0x0000025059266800 JavaThread "Unconstrained build operations Thread 7" [_thread_blocked, id=8412, stack(0x000000554b800000,0x000000554b900000)]
  0x0000025059265800 JavaThread "Unconstrained build operations Thread 8" [_thread_blocked, id=2184, stack(0x000000554b900000,0x000000554ba00000)]
  0x0000025059267000 JavaThread "Unconstrained build operations Thread 9" [_thread_blocked, id=6596, stack(0x000000554ba00000,0x000000554bb00000)]
  0x0000025059269000 JavaThread "Unconstrained build operations Thread 10" [_thread_blocked, id=7484, stack(0x000000554bb00000,0x000000554bc00000)]
  0x0000025059264000 JavaThread "Unconstrained build operations Thread 11" [_thread_blocked, id=11840, stack(0x000000554bc00000,0x000000554bd00000)]
  0x0000025059270000 JavaThread "Unconstrained build operations Thread 12" [_thread_blocked, id=8712, stack(0x000000554bd00000,0x000000554be00000)]
  0x000002505926c000 JavaThread "Unconstrained build operations Thread 13" [_thread_blocked, id=4720, stack(0x000000554be00000,0x000000554bf00000)]
  0x000002505926d800 JavaThread "Unconstrained build operations Thread 14" [_thread_blocked, id=992, stack(0x000000554bf00000,0x000000554c000000)]
  0x000002505926f800 JavaThread "Unconstrained build operations Thread 15" [_thread_blocked, id=7668, stack(0x000000554c000000,0x000000554c100000)]
  0x000002505926a800 JavaThread "Unconstrained build operations Thread 16" [_thread_blocked, id=11280, stack(0x000000554c100000,0x000000554c200000)]
  0x000002505926b000 JavaThread "Unconstrained build operations Thread 17" [_thread_blocked, id=5932, stack(0x000000554c200000,0x000000554c300000)]
  0x000002505926d000 JavaThread "Unconstrained build operations Thread 18" [_thread_blocked, id=2812, stack(0x000000554c300000,0x000000554c400000)]
  0x0000025059271000 JavaThread "Unconstrained build operations Thread 19" [_thread_blocked, id=9432, stack(0x000000554c400000,0x000000554c500000)]
  0x0000025059272800 JavaThread "Unconstrained build operations Thread 20" [_thread_blocked, id=700, stack(0x000000554c500000,0x000000554c600000)]
  0x000002505926e800 JavaThread "Unconstrained build operations Thread 21" [_thread_blocked, id=2528, stack(0x000000554c600000,0x000000554c700000)]
  0x0000025059272000 JavaThread "Unconstrained build operations Thread 22" [_thread_blocked, id=10488, stack(0x000000554c700000,0x000000554c800000)]
  0x0000025056ec1000 JavaThread "Unconstrained build operations Thread 23" [_thread_blocked, id=2848, stack(0x000000554c800000,0x000000554c900000)]
  0x0000025056ebe800 JavaThread "Unconstrained build operations Thread 24" [_thread_blocked, id=6252, stack(0x000000554c900000,0x000000554ca00000)]
  0x0000025056ec1800 JavaThread "Unconstrained build operations Thread 25" [_thread_blocked, id=12552, stack(0x000000554ca00000,0x000000554cb00000)]
  0x0000025056ec4000 JavaThread "Unconstrained build operations Thread 26" [_thread_blocked, id=7200, stack(0x000000554cb00000,0x000000554cc00000)]
  0x0000025056ec5000 JavaThread "Unconstrained build operations Thread 27" [_thread_blocked, id=6576, stack(0x000000554cc00000,0x000000554cd00000)]
  0x0000025056ec3000 JavaThread "Unconstrained build operations Thread 28" [_thread_blocked, id=5544, stack(0x000000554cd00000,0x000000554ce00000)]
  0x0000025056ec2800 JavaThread "Unconstrained build operations Thread 29" [_thread_blocked, id=12860, stack(0x000000554ce00000,0x000000554cf00000)]
  0x0000025056ebf000 JavaThread "Unconstrained build operations Thread 30" [_thread_blocked, id=11240, stack(0x000000554cf00000,0x000000554d000000)]
  0x0000025056ec5800 JavaThread "Unconstrained build operations Thread 31" [_thread_blocked, id=11328, stack(0x000000554d000000,0x000000554d100000)]
  0x0000025056ec0000 JavaThread "Unconstrained build operations Thread 32" [_thread_blocked, id=11964, stack(0x000000554d100000,0x000000554d200000)]
  0x0000025056eca800 JavaThread "Unconstrained build operations Thread 33" [_thread_blocked, id=11632, stack(0x000000554d200000,0x000000554d300000)]
  0x0000025056ec7800 JavaThread "Unconstrained build operations Thread 34" [_thread_blocked, id=11060, stack(0x000000554d300000,0x000000554d400000)]
  0x0000025056ec8000 JavaThread "Unconstrained build operations Thread 35" [_thread_blocked, id=276, stack(0x000000554d400000,0x000000554d500000)]
  0x0000025056ec6800 JavaThread "Unconstrained build operations Thread 36" [_thread_blocked, id=3212, stack(0x000000554d500000,0x000000554d600000)]
  0x0000025056ecd000 JavaThread "Unconstrained build operations Thread 37" [_thread_blocked, id=10212, stack(0x000000554d600000,0x000000554d700000)]
  0x0000025056ec9000 JavaThread "Unconstrained build operations Thread 38" [_thread_blocked, id=9288, stack(0x000000554d700000,0x000000554d800000)]
  0x0000025056ecb800 JavaThread "Unconstrained build operations Thread 39" [_thread_blocked, id=1852, stack(0x000000554d800000,0x000000554d900000)]
  0x0000025056eca000 JavaThread "Unconstrained build operations Thread 40" [_thread_blocked, id=8956, stack(0x000000554d900000,0x000000554da00000)]
  0x0000025056ecc000 JavaThread "Unconstrained build operations Thread 41" [_thread_blocked, id=10216, stack(0x000000554da00000,0x000000554db00000)]
  0x0000025053f0f800 JavaThread "Unconstrained build operations Thread 42" [_thread_in_vm, id=8200, stack(0x000000554db00000,0x000000554dc00000)]
  0x0000025053f11800 JavaThread "Unconstrained build operations Thread 43" [_thread_blocked, id=12452, stack(0x000000554dc00000,0x000000554dd00000)]
  0x0000025053f11000 JavaThread "Unconstrained build operations Thread 44" [_thread_blocked, id=12040, stack(0x000000554dd00000,0x000000554de00000)]
  0x0000025053f12800 JavaThread "Unconstrained build operations Thread 45" [_thread_blocked, id=10292, stack(0x000000554de00000,0x000000554df00000)]
  0x0000025053f10000 JavaThread "Unconstrained build operations Thread 46" [_thread_blocked, id=3980, stack(0x000000554df00000,0x000000554e000000)]
  0x0000025053f0d000 JavaThread "Unconstrained build operations Thread 47" [_thread_blocked, id=4132, stack(0x000000554e000000,0x000000554e100000)]
  0x0000025053f13800 JavaThread "Unconstrained build operations Thread 48" [_thread_blocked, id=8004, stack(0x000000554e100000,0x000000554e200000)]
  0x0000025053f0d800 JavaThread "Unconstrained build operations Thread 49" [_thread_in_Java, id=3988, stack(0x000000554e200000,0x000000554e300000)]
  0x0000025053f0e800 JavaThread "Unconstrained build operations Thread 50" [_thread_blocked, id=7876, stack(0x000000554e300000,0x000000554e400000)]
  0x0000025053f16000 JavaThread "Unconstrained build operations Thread 51" [_thread_blocked, id=9876, stack(0x000000554e400000,0x000000554e500000)]
  0x0000025053f1a000 JavaThread "Unconstrained build operations Thread 52" [_thread_blocked, id=2576, stack(0x000000554e500000,0x000000554e600000)]
  0x0000025053f17800 JavaThread "Unconstrained build operations Thread 53" [_thread_blocked, id=7476, stack(0x000000554e600000,0x000000554e700000)]
  0x0000025053f18800 JavaThread "Unconstrained build operations Thread 54" [_thread_blocked, id=11788, stack(0x000000554e700000,0x000000554e800000)]
  0x0000025053f14000 JavaThread "Unconstrained build operations Thread 55" [_thread_blocked, id=9404, stack(0x000000554e800000,0x000000554e900000)]
  0x0000025053f15000 JavaThread "Unconstrained build operations Thread 56" [_thread_blocked, id=8320, stack(0x000000554e900000,0x000000554ea00000)]
  0x0000025053f1a800 JavaThread "Unconstrained build operations Thread 57" [_thread_blocked, id=1376, stack(0x000000554ea00000,0x000000554eb00000)]
  0x0000025053f19000 JavaThread "Unconstrained build operations Thread 58" [_thread_blocked, id=13276, stack(0x000000554eb00000,0x000000554ec00000)]
  0x0000025053f16800 JavaThread "Unconstrained build operations Thread 59" [_thread_blocked, id=13108, stack(0x000000554ec00000,0x000000554ed00000)]
  0x0000025053f1b800 JavaThread "Unconstrained build operations Thread 60" [_thread_blocked, id=7656, stack(0x000000554ed00000,0x000000554ee00000)]
  0x00000250591ad800 JavaThread "Unconstrained build operations Thread 61" [_thread_blocked, id=10268, stack(0x000000554ee00000,0x000000554ef00000)]
  0x00000250591b1000 JavaThread "Unconstrained build operations Thread 62" [_thread_blocked, id=12892, stack(0x000000554ef00000,0x000000554f000000)]
  0x00000250591af800 JavaThread "Unconstrained build operations Thread 63" [_thread_blocked, id=12532, stack(0x000000554f000000,0x000000554f100000)]
  0x00000250591ac000 JavaThread "Unconstrained build operations Thread 64" [_thread_blocked, id=7120, stack(0x000000554f100000,0x000000554f200000)]
  0x00000250591b0000 JavaThread "Unconstrained build operations Thread 65" [_thread_blocked, id=11704, stack(0x000000554f200000,0x000000554f300000)]
  0x00000250591ad000 JavaThread "Unconstrained build operations Thread 66" [_thread_blocked, id=11684, stack(0x000000554f300000,0x000000554f400000)]
  0x00000250591ae800 JavaThread "Unconstrained build operations Thread 67" [_thread_blocked, id=7204, stack(0x000000554f400000,0x000000554f500000)]
  0x00000250591ab000 JavaThread "Unconstrained build operations Thread 68" [_thread_blocked, id=10764, stack(0x000000554f500000,0x000000554f600000)]
  0x00000250591b2800 JavaThread "Unconstrained build operations Thread 69" [_thread_blocked, id=3712, stack(0x000000554f600000,0x000000554f700000)]
  0x00000250591b3800 JavaThread "Unconstrained build operations Thread 70" [_thread_blocked, id=2888, stack(0x000000554f700000,0x000000554f800000)]
  0x00000250591b2000 JavaThread "Unconstrained build operations Thread 71" [_thread_blocked, id=7600, stack(0x000000554f800000,0x000000554f900000)]
  0x00000250591b6000 JavaThread "Unconstrained build operations Thread 72" [_thread_blocked, id=1272, stack(0x000000554f900000,0x000000554fa00000)]
  0x00000250591b6800 JavaThread "Unconstrained build operations Thread 73" [_thread_blocked, id=5016, stack(0x000000554fa00000,0x000000554fb00000)]
  0x00000250591b7800 JavaThread "Unconstrained build operations Thread 74" [_thread_blocked, id=5724, stack(0x000000554fb00000,0x000000554fc00000)]
  0x00000250591b8800 JavaThread "Unconstrained build operations Thread 75" [_thread_blocked, id=13260, stack(0x000000554fc00000,0x000000554fd00000)]
  0x00000250591b5000 JavaThread "Unconstrained build operations Thread 76" [_thread_blocked, id=6544, stack(0x000000554fd00000,0x000000554fe00000)]
  0x00000250591ba000 JavaThread "Unconstrained build operations Thread 77" [_thread_blocked, id=9908, stack(0x000000554fe00000,0x000000554ff00000)]
  0x00000250591b9000 JavaThread "Unconstrained build operations Thread 78" [_thread_blocked, id=3832, stack(0x000000554ff00000,0x0000005550000000)]
  0x00000250591b4000 JavaThread "Unconstrained build operations Thread 79" [_thread_blocked, id=12772, stack(0x0000005550000000,0x0000005550100000)]
  0x0000025056f83000 JavaThread "Unconstrained build operations Thread 80" [_thread_blocked, id=6416, stack(0x0000005550100000,0x0000005550200000)]
  0x0000025056f83800 JavaThread "jar transforms Thread 4" [_thread_blocked, id=10744, stack(0x0000005550200000,0x0000005550300000)]
  0x0000025056f84800 JavaThread "jar transforms Thread 5" [_thread_blocked, id=8440, stack(0x0000005550300000,0x0000005550400000)]
  0x0000025056f85800 JavaThread "jar transforms Thread 6" [_thread_blocked, id=4776, stack(0x0000005550400000,0x0000005550500000)]
  0x0000025056f7f800 JavaThread "jar transforms Thread 7" [_thread_blocked, id=11384, stack(0x0000005550500000,0x0000005550600000)]
  0x0000025056f86000 JavaThread "jar transforms Thread 8" [_thread_blocked, id=8168, stack(0x0000005550600000,0x0000005550700000)]
  0x0000025059c5c800 JavaThread "C2 CompilerThread1" daemon [_thread_in_native, id=3568, stack(0x000000554b100000,0x000000554b200000)]
  0x0000025056f80800 JavaThread "Memory manager" [_thread_blocked, id=9244, stack(0x0000005550700000,0x0000005550800000)]
  0x0000025056f81800 JavaThread "build event listener" [_thread_blocked, id=11564, stack(0x0000005550800000,0x0000005550900000)]
  0x0000025056f88000 JavaThread "Execution worker for ':'" [_thread_blocked, id=12052, stack(0x0000005550900000,0x0000005550a00000)]
  0x0000025056f82000 JavaThread "Execution worker for ':' Thread 2" [_thread_blocked, id=1188, stack(0x0000005550a00000,0x0000005550b00000)]
  0x0000025056f88800 JavaThread "Execution worker for ':' Thread 3" [_thread_blocked, id=12816, stack(0x0000005550b00000,0x0000005550c00000)]
  0x0000025056f8b000 JavaThread "Execution worker for ':' Thread 4" [_thread_blocked, id=2296, stack(0x0000005550c00000,0x0000005550d00000)]
  0x0000025056f8a000 JavaThread "Execution worker for ':' Thread 5" [_thread_blocked, id=10724, stack(0x0000005550d00000,0x0000005550e00000)]
  0x0000025056f8c000 JavaThread "Execution worker for ':' Thread 6" [_thread_blocked, id=10272, stack(0x0000005550e00000,0x0000005550f00000)]
  0x0000025056f8c800 JavaThread "Execution worker for ':' Thread 7" [_thread_blocked, id=10568, stack(0x0000005550f00000,0x0000005551000000)]
  0x0000025056f89800 JavaThread "Cache worker for execution history cache (C:\Users\Phuong Nam\SFM\.gradle\7.3.3\executionHistory)" [_thread_blocked, id=6164, stack(0x0000005551000000,0x0000005551100000)]

Other Threads:
  0x0000025052fcc800 VMThread "VM Thread" [stack: 0x0000005548400000,0x0000005548500000] [id=7212]
  0x0000025053ac9800 WatcherThread [stack: 0x0000005548e00000,0x0000005548f00000] [id=12708]
  0x0000025038422800 GCTaskThread "GC Thread#0" [stack: 0x0000005547f00000,0x0000005548000000] [id=10772]
  0x00000250543f3000 GCTaskThread "GC Thread#1" [stack: 0x0000005549000000,0x0000005549100000] [id=8564]
  0x0000025054715000 GCTaskThread "GC Thread#2" [stack: 0x0000005549100000,0x0000005549200000] [id=11628]
  0x0000025057326800 GCTaskThread "GC Thread#3" [stack: 0x0000005549b00000,0x0000005549c00000] [id=11936]
  0x00000250561df000 GCTaskThread "GC Thread#4" [stack: 0x0000005549c00000,0x0000005549d00000] [id=5152]
  0x00000250561e0000 GCTaskThread "GC Thread#5" [stack: 0x0000005549d00000,0x0000005549e00000] [id=8356]
  0x0000025054d83800 GCTaskThread "GC Thread#6" [stack: 0x0000005549e00000,0x0000005549f00000] [id=7512]
  0x0000025055fb7800 GCTaskThread "GC Thread#7" [stack: 0x0000005549f00000,0x000000554a000000] [id=9668]
  0x0000025038454800 ConcurrentGCThread "G1 Main Marker" [stack: 0x0000005548000000,0x0000005548100000] [id=2592]
  0x0000025038456000 ConcurrentGCThread "G1 Conc#0" [stack: 0x0000005548100000,0x0000005548200000] [id=10912]
  0x000002505491d800 ConcurrentGCThread "G1 Conc#1" [stack: 0x000000554a300000,0x000000554a400000] [id=10588]
  0x00000250384e9000 ConcurrentGCThread "G1 Refine#0" [stack: 0x0000005548200000,0x0000005548300000] [id=6580]
  0x0000025052e20800 ConcurrentGCThread "G1 Young RemSet Sampling" [stack: 0x0000005548300000,0x0000005548400000] [id=2440]

Threads with active compile tasks:
C2 CompilerThread0  25208 8561       4       java.lang.invoke.MethodType::makeImpl (108 bytes)
C1 CompilerThread0  25208 9116       2       org.gradle.internal.vfs.impl.DefaultFileSystemAccess::lambda$readSnapshotFromLocation$7 (19 bytes)
C2 CompilerThread1  25208 8851       4       com.google.common.collect.Interners$InternerImpl::intern (50 bytes)

VM state:not at safepoint (normal execution)

VM Mutex/Monitor currently owned by a thread: None

Heap address: 0x0000000080000000, size: 2048 MB, Compressed Oops mode: 32-bit
Narrow klass base: 0x0000000000000000, Narrow klass shift: 3
Compressed class space size: 1073741824 Address: 0x0000000100000000

Heap:
 garbage-first heap   total 131072K, used 78771K [0x0000000080000000, 0x0000000100000000)
  region size 1024K, 15 young (15360K), 6 survivors (6144K)
 Metaspace       used 81919K, capacity 84278K, committed 84352K, reserved 1122304K
  class space    used 10805K, capacity 11615K, committed 11648K, reserved 1048576K
Heap Regions: E=young(eden), S=young(survivor), O=old, HS=humongous(starts), HC=humongous(continues), CS=collection set, F=free, A=archive, TAMS=top-at-mark-start (previous, next)
|   0|0x0000000080000000, 0x0000000080100000, 0x0000000080100000|100%| O|  |TAMS 0x0000000080100000, 0x0000000080100000| Untracked 
|   1|0x0000000080100000, 0x0000000080200000, 0x0000000080200000|100%| O|  |TAMS 0x0000000080200000, 0x0000000080200000| Untracked 
|   2|0x0000000080200000, 0x0000000080300000, 0x0000000080300000|100%| O|  |TAMS 0x0000000080300000, 0x0000000080300000| Untracked 
|   3|0x0000000080300000, 0x0000000080400000, 0x0000000080400000|100%|HS|  |TAMS 0x0000000080400000, 0x0000000080400000| Complete 
|   4|0x0000000080400000, 0x0000000080500000, 0x0000000080500000|100%|HC|  |TAMS 0x0000000080500000, 0x0000000080500000| Complete 
|   5|0x0000000080500000, 0x0000000080600000, 0x0000000080600000|100%|HC|  |TAMS 0x0000000080600000, 0x0000000080600000| Complete 
|   6|0x0000000080600000, 0x0000000080700000, 0x0000000080700000|100%| O|  |TAMS 0x0000000080700000, 0x0000000080700000| Untracked 
|   7|0x0000000080700000, 0x0000000080800000, 0x0000000080800000|100%| O|  |TAMS 0x0000000080800000, 0x0000000080800000| Untracked 
|   8|0x0000000080800000, 0x0000000080900000, 0x0000000080900000|100%| O|  |TAMS 0x0000000080900000, 0x0000000080900000| Untracked 
|   9|0x0000000080900000, 0x0000000080a00000, 0x0000000080a00000|100%| O|  |TAMS 0x0000000080a00000, 0x0000000080a00000| Untracked 
|  10|0x0000000080a00000, 0x0000000080b00000, 0x0000000080b00000|100%| O|  |TAMS 0x0000000080b00000, 0x0000000080b00000| Untracked 
|  11|0x0000000080b00000, 0x0000000080c00000, 0x0000000080c00000|100%| O|  |TAMS 0x0000000080c00000, 0x0000000080c00000| Untracked 
|  12|0x0000000080c00000, 0x0000000080d00000, 0x0000000080d00000|100%| O|  |TAMS 0x0000000080d00000, 0x0000000080d00000| Untracked 
|  13|0x0000000080d00000, 0x0000000080e00000, 0x0000000080e00000|100%| O|  |TAMS 0x0000000080e00000, 0x0000000080e00000| Untracked 
|  14|0x0000000080e00000, 0x0000000080f00000, 0x0000000080f00000|100%| O|  |TAMS 0x0000000080f00000, 0x0000000080f00000| Untracked 
|  15|0x0000000080f00000, 0x0000000081000000, 0x0000000081000000|100%| O|  |TAMS 0x0000000081000000, 0x0000000081000000| Untracked 
|  16|0x0000000081000000, 0x0000000081100000, 0x0000000081100000|100%|HS|  |TAMS 0x0000000081100000, 0x0000000081100000| Complete 
|  17|0x0000000081100000, 0x0000000081200000, 0x0000000081200000|100%| O|  |TAMS 0x0000000081200000, 0x0000000081200000| Untracked 
|  18|0x0000000081200000, 0x0000000081300000, 0x0000000081300000|100%| O|  |TAMS 0x0000000081300000, 0x0000000081300000| Untracked 
|  19|0x0000000081300000, 0x0000000081400000, 0x0000000081400000|100%| O|  |TAMS 0x0000000081400000, 0x0000000081400000| Untracked 
|  20|0x0000000081400000, 0x0000000081500000, 0x0000000081500000|100%| O|  |TAMS 0x0000000081500000, 0x0000000081500000| Untracked 
|  21|0x0000000081500000, 0x0000000081600000, 0x0000000081600000|100%| O|  |TAMS 0x0000000081600000, 0x0000000081600000| Untracked 
|  22|0x0000000081600000, 0x0000000081700000, 0x0000000081700000|100%| O|  |TAMS 0x0000000081700000, 0x0000000081700000| Untracked 
|  23|0x0000000081700000, 0x0000000081800000, 0x0000000081800000|100%| O|  |TAMS 0x0000000081800000, 0x0000000081800000| Untracked 
|  24|0x0000000081800000, 0x0000000081900000, 0x0000000081900000|100%| O|  |TAMS 0x0000000081900000, 0x0000000081900000| Untracked 
|  25|0x0000000081900000, 0x0000000081a00000, 0x0000000081a00000|100%| O|  |TAMS 0x0000000081a00000, 0x0000000081a00000| Untracked 
|  26|0x0000000081a00000, 0x0000000081b00000, 0x0000000081b00000|100%| O|  |TAMS 0x0000000081b00000, 0x0000000081b00000| Untracked 
|  27|0x0000000081b00000, 0x0000000081c00000, 0x0000000081c00000|100%| O|  |TAMS 0x0000000081c00000, 0x0000000081c00000| Untracked 
|  28|0x0000000081c00000, 0x0000000081d00000, 0x0000000081d00000|100%|HS|  |TAMS 0x0000000081d00000, 0x0000000081d00000| Complete 
|  29|0x0000000081d00000, 0x0000000081e00000, 0x0000000081e00000|100%|HS|  |TAMS 0x0000000081e00000, 0x0000000081e00000| Complete 
|  30|0x0000000081e00000, 0x0000000081f00000, 0x0000000081f00000|100%|HC|  |TAMS 0x0000000081f00000, 0x0000000081f00000| Complete 
|  31|0x0000000081f00000, 0x0000000082000000, 0x0000000082000000|100%| O|  |TAMS 0x0000000082000000, 0x0000000082000000| Untracked 
|  32|0x0000000082000000, 0x0000000082100000, 0x0000000082100000|100%| O|  |TAMS 0x0000000082100000, 0x0000000082100000| Untracked 
|  33|0x0000000082100000, 0x0000000082200000, 0x0000000082200000|100%| O|  |TAMS 0x0000000082200000, 0x0000000082200000| Untracked 
|  34|0x0000000082200000, 0x0000000082300000, 0x0000000082300000|100%| O|  |TAMS 0x0000000082300000, 0x0000000082300000| Untracked 
|  35|0x0000000082300000, 0x0000000082400000, 0x0000000082400000|100%| O|  |TAMS 0x0000000082400000, 0x0000000082400000| Untracked 
|  36|0x0000000082400000, 0x0000000082500000, 0x0000000082500000|100%| O|  |TAMS 0x0000000082500000, 0x0000000082500000| Untracked 
|  37|0x0000000082500000, 0x0000000082600000, 0x0000000082600000|100%| O|  |TAMS 0x0000000082600000, 0x0000000082600000| Untracked 
|  38|0x0000000082600000, 0x0000000082700000, 0x0000000082700000|100%| O|  |TAMS 0x0000000082700000, 0x0000000082700000| Untracked 
|  39|0x0000000082700000, 0x0000000082800000, 0x0000000082800000|100%| O|  |TAMS 0x0000000082800000, 0x0000000082800000| Untracked 
|  40|0x0000000082800000, 0x0000000082900000, 0x0000000082900000|100%| O|  |TAMS 0x0000000082900000, 0x0000000082900000| Untracked 
|  41|0x0000000082900000, 0x0000000082a00000, 0x0000000082a00000|100%| O|  |TAMS 0x0000000082a00000, 0x0000000082a00000| Untracked 
|  42|0x0000000082a00000, 0x0000000082b00000, 0x0000000082b00000|100%| O|  |TAMS 0x0000000082b00000, 0x0000000082b00000| Untracked 
|  43|0x0000000082b00000, 0x0000000082c00000, 0x0000000082c00000|100%| O|  |TAMS 0x0000000082bb2000, 0x0000000082c00000| Untracked 
|  44|0x0000000082c00000, 0x0000000082d00000, 0x0000000082d00000|100%| O|  |TAMS 0x0000000082c00000, 0x0000000082d00000| Untracked 
|  45|0x0000000082d00000, 0x0000000082e00000, 0x0000000082e00000|100%| O|  |TAMS 0x0000000082d00000, 0x0000000082e00000| Untracked 
|  46|0x0000000082e00000, 0x0000000082f00000, 0x0000000082f00000|100%| O|  |TAMS 0x0000000082e00000, 0x0000000082f00000| Untracked 
|  47|0x0000000082f00000, 0x0000000083000000, 0x0000000083000000|100%| O|  |TAMS 0x0000000082f00000, 0x0000000083000000| Untracked 
|  48|0x0000000083000000, 0x0000000083100000, 0x0000000083100000|100%| O|  |TAMS 0x0000000083000000, 0x0000000083100000| Untracked 
|  49|0x0000000083100000, 0x0000000083200000, 0x0000000083200000|100%| O|  |TAMS 0x0000000083100000, 0x0000000083200000| Untracked 
|  50|0x0000000083200000, 0x0000000083300000, 0x0000000083300000|100%| O|  |TAMS 0x0000000083200000, 0x0000000083300000| Untracked 
|  51|0x0000000083300000, 0x0000000083400000, 0x0000000083400000|100%| O|  |TAMS 0x0000000083300000, 0x0000000083400000| Untracked 
|  52|0x0000000083400000, 0x0000000083500000, 0x0000000083500000|100%| O|  |TAMS 0x0000000083400000, 0x0000000083500000| Untracked 
|  53|0x0000000083500000, 0x0000000083600000, 0x0000000083600000|100%| O|  |TAMS 0x0000000083500000, 0x0000000083600000| Untracked 
|  54|0x0000000083600000, 0x0000000083700000, 0x0000000083700000|100%| O|  |TAMS 0x0000000083600000, 0x0000000083700000| Untracked 
|  55|0x0000000083700000, 0x0000000083800000, 0x0000000083800000|100%| O|  |TAMS 0x0000000083700000, 0x0000000083800000| Untracked 
|  56|0x0000000083800000, 0x0000000083900000, 0x0000000083900000|100%| O|  |TAMS 0x0000000083800000, 0x0000000083900000| Untracked 
|  57|0x0000000083900000, 0x0000000083a00000, 0x0000000083a00000|100%| O|  |TAMS 0x0000000083900000, 0x0000000083a00000| Untracked 
|  58|0x0000000083a00000, 0x0000000083b00000, 0x0000000083b00000|100%| O|  |TAMS 0x0000000083a00000, 0x0000000083b00000| Untracked 
|  59|0x0000000083b00000, 0x0000000083c00000, 0x0000000083c00000|100%| O|  |TAMS 0x0000000083b00000, 0x0000000083c00000| Untracked 
|  60|0x0000000083c00000, 0x0000000083d00000, 0x0000000083d00000|100%| O|  |TAMS 0x0000000083c00000, 0x0000000083d00000| Untracked 
|  61|0x0000000083d00000, 0x0000000083e00000, 0x0000000083e00000|100%| O|  |TAMS 0x0000000083d00000, 0x0000000083e00000| Untracked 
|  62|0x0000000083e00000, 0x0000000083eecc00, 0x0000000083f00000| 92%| O|  |TAMS 0x0000000083e00000, 0x0000000083eecc00| Untracked 
|  63|0x0000000083f00000, 0x0000000083f00000, 0x0000000084000000|  0%| F|  |TAMS 0x0000000083f00000, 0x0000000083f00000| Untracked 
|  64|0x0000000084000000, 0x0000000084000000, 0x0000000084100000|  0%| F|  |TAMS 0x0000000084000000, 0x0000000084000000| Untracked 
|  65|0x0000000084100000, 0x0000000084100000, 0x0000000084200000|  0%| F|  |TAMS 0x0000000084100000, 0x0000000084100000| Untracked 
|  66|0x0000000084200000, 0x0000000084200000, 0x0000000084300000|  0%| F|  |TAMS 0x0000000084200000, 0x0000000084200000| Untracked 
|  67|0x0000000084300000, 0x0000000084300000, 0x0000000084400000|  0%| F|  |TAMS 0x0000000084300000, 0x0000000084300000| Untracked 
|  68|0x0000000084400000, 0x0000000084400000, 0x0000000084500000|  0%| F|  |TAMS 0x0000000084400000, 0x0000000084400000| Untracked 
|  69|0x0000000084500000, 0x0000000084500000, 0x0000000084600000|  0%| F|  |TAMS 0x0000000084500000, 0x0000000084500000| Untracked 
|  70|0x0000000084600000, 0x0000000084600000, 0x0000000084700000|  0%| F|  |TAMS 0x0000000084600000, 0x0000000084600000| Untracked 
|  71|0x0000000084700000, 0x0000000084700000, 0x0000000084800000|  0%| F|  |TAMS 0x0000000084700000, 0x0000000084700000| Untracked 
|  72|0x0000000084800000, 0x0000000084800000, 0x0000000084900000|  0%| F|  |TAMS 0x0000000084800000, 0x0000000084800000| Untracked 
|  73|0x0000000084900000, 0x0000000084900000, 0x0000000084a00000|  0%| F|  |TAMS 0x0000000084900000, 0x0000000084900000| Untracked 
|  74|0x0000000084a00000, 0x0000000084a00000, 0x0000000084b00000|  0%| F|  |TAMS 0x0000000084a00000, 0x0000000084a00000| Untracked 
|  75|0x0000000084b00000, 0x0000000084b00000, 0x0000000084c00000|  0%| F|  |TAMS 0x0000000084b00000, 0x0000000084b00000| Untracked 
|  76|0x0000000084c00000, 0x0000000084d00000, 0x0000000084d00000|100%| S|CS|TAMS 0x0000000084c00000, 0x0000000084c00000| Complete 
|  77|0x0000000084d00000, 0x0000000084e00000, 0x0000000084e00000|100%| S|CS|TAMS 0x0000000084d00000, 0x0000000084d00000| Complete 
|  78|0x0000000084e00000, 0x0000000084e00000, 0x0000000084f00000|  0%| F|  |TAMS 0x0000000084e00000, 0x0000000084e00000| Untracked 
|  79|0x0000000084f00000, 0x0000000084f00000, 0x0000000085000000|  0%| F|  |TAMS 0x0000000084f00000, 0x0000000084f00000| Untracked 
|  80|0x0000000085000000, 0x0000000085000000, 0x0000000085100000|  0%| F|  |TAMS 0x0000000085000000, 0x0000000085000000| Untracked 
|  81|0x0000000085100000, 0x0000000085200000, 0x0000000085200000|100%| S|CS|TAMS 0x0000000085100000, 0x0000000085100000| Complete 
|  82|0x0000000085200000, 0x0000000085200000, 0x0000000085300000|  0%| F|  |TAMS 0x0000000085200000, 0x0000000085200000| Untracked 
|  83|0x0000000085300000, 0x0000000085400000, 0x0000000085400000|100%| S|CS|TAMS 0x0000000085300000, 0x0000000085300000| Complete 
|  84|0x0000000085400000, 0x0000000085400000, 0x0000000085500000|  0%| F|  |TAMS 0x0000000085400000, 0x0000000085400000| Untracked 
|  85|0x0000000085500000, 0x0000000085500000, 0x0000000085600000|  0%| F|  |TAMS 0x0000000085500000, 0x0000000085500000| Untracked 
|  86|0x0000000085600000, 0x0000000085700000, 0x0000000085700000|100%| S|CS|TAMS 0x0000000085600000, 0x0000000085600000| Complete 
|  87|0x0000000085700000, 0x0000000085800000, 0x0000000085800000|100%| S|CS|TAMS 0x0000000085700000, 0x0000000085700000| Complete 
|  88|0x0000000085800000, 0x0000000085800000, 0x0000000085900000|  0%| F|  |TAMS 0x0000000085800000, 0x0000000085800000| Untracked 
|  89|0x0000000085900000, 0x0000000085900000, 0x0000000085a00000|  0%| F|  |TAMS 0x0000000085900000, 0x0000000085900000| Untracked 
|  90|0x0000000085a00000, 0x0000000085a00000, 0x0000000085b00000|  0%| F|  |TAMS 0x0000000085a00000, 0x0000000085a00000| Untracked 
|  91|0x0000000085b00000, 0x0000000085b00000, 0x0000000085c00000|  0%| F|  |TAMS 0x0000000085b00000, 0x0000000085b00000| Untracked 
|  92|0x0000000085c00000, 0x0000000085c00000, 0x0000000085d00000|  0%| F|  |TAMS 0x0000000085c00000, 0x0000000085c00000| Untracked 
|  93|0x0000000085d00000, 0x0000000085d00000, 0x0000000085e00000|  0%| F|  |TAMS 0x0000000085d00000, 0x0000000085d00000| Untracked 
|  94|0x0000000085e00000, 0x0000000085e00000, 0x0000000085f00000|  0%| F|  |TAMS 0x0000000085e00000, 0x0000000085e00000| Untracked 
|  95|0x0000000085f00000, 0x0000000085f00000, 0x0000000086000000|  0%| F|  |TAMS 0x0000000085f00000, 0x0000000085f00000| Untracked 
|  96|0x0000000086000000, 0x0000000086000000, 0x0000000086100000|  0%| F|  |TAMS 0x0000000086000000, 0x0000000086000000| Untracked 
|  97|0x0000000086100000, 0x0000000086100000, 0x0000000086200000|  0%| F|  |TAMS 0x0000000086100000, 0x0000000086100000| Untracked 
|  98|0x0000000086200000, 0x0000000086200000, 0x0000000086300000|  0%| F|  |TAMS 0x0000000086200000, 0x0000000086200000| Untracked 
|  99|0x0000000086300000, 0x0000000086300000, 0x0000000086400000|  0%| F|  |TAMS 0x0000000086300000, 0x0000000086300000| Untracked 
| 100|0x0000000086400000, 0x0000000086400000, 0x0000000086500000|  0%| F|  |TAMS 0x0000000086400000, 0x0000000086400000| Untracked 
| 101|0x0000000086500000, 0x0000000086500000, 0x0000000086600000|  0%| F|  |TAMS 0x0000000086500000, 0x0000000086500000| Untracked 
| 102|0x0000000086600000, 0x0000000086600000, 0x0000000086700000|  0%| F|  |TAMS 0x0000000086600000, 0x0000000086600000| Untracked 
| 103|0x0000000086700000, 0x0000000086700000, 0x0000000086800000|  0%| F|  |TAMS 0x0000000086700000, 0x0000000086700000| Untracked 
| 104|0x0000000086800000, 0x0000000086800000, 0x0000000086900000|  0%| F|  |TAMS 0x0000000086800000, 0x0000000086800000| Untracked 
| 105|0x0000000086900000, 0x0000000086900000, 0x0000000086a00000|  0%| F|  |TAMS 0x0000000086900000, 0x0000000086900000| Untracked 
| 106|0x0000000086a00000, 0x0000000086a00000, 0x0000000086b00000|  0%| F|  |TAMS 0x0000000086a00000, 0x0000000086a00000| Untracked 
| 107|0x0000000086b00000, 0x0000000086b00000, 0x0000000086c00000|  0%| F|  |TAMS 0x0000000086b00000, 0x0000000086b00000| Untracked 
| 108|0x0000000086c00000, 0x0000000086c00000, 0x0000000086d00000|  0%| F|  |TAMS 0x0000000086c00000, 0x0000000086c00000| Untracked 
| 109|0x0000000086d00000, 0x0000000086d00000, 0x0000000086e00000|  0%| F|  |TAMS 0x0000000086d00000, 0x0000000086d00000| Untracked 
| 110|0x0000000086e00000, 0x0000000086e00000, 0x0000000086f00000|  0%| F|  |TAMS 0x0000000086e00000, 0x0000000086e00000| Untracked 
| 111|0x0000000086f00000, 0x0000000086f00000, 0x0000000087000000|  0%| F|  |TAMS 0x0000000086f00000, 0x0000000086f00000| Untracked 
| 112|0x0000000087000000, 0x0000000087000000, 0x0000000087100000|  0%| F|  |TAMS 0x0000000087000000, 0x0000000087000000| Untracked 
| 113|0x0000000087100000, 0x0000000087100000, 0x0000000087200000|  0%| F|  |TAMS 0x0000000087100000, 0x0000000087100000| Untracked 
| 114|0x0000000087200000, 0x0000000087200000, 0x0000000087300000|  0%| F|  |TAMS 0x0000000087200000, 0x0000000087200000| Untracked 
| 115|0x0000000087300000, 0x0000000087300000, 0x0000000087400000|  0%| F|  |TAMS 0x0000000087300000, 0x0000000087300000| Untracked 
| 116|0x0000000087400000, 0x0000000087400000, 0x0000000087500000|  0%| F|  |TAMS 0x0000000087400000, 0x0000000087400000| Untracked 
| 117|0x0000000087500000, 0x0000000087500000, 0x0000000087600000|  0%| F|  |TAMS 0x0000000087500000, 0x0000000087500000| Untracked 
| 118|0x0000000087600000, 0x0000000087600000, 0x0000000087700000|  0%| F|  |TAMS 0x0000000087600000, 0x0000000087600000| Untracked 
| 119|0x0000000087700000, 0x00000000877771d8, 0x0000000087800000| 46%| E|  |TAMS 0x0000000087700000, 0x0000000087700000| Complete 
| 120|0x0000000087800000, 0x0000000087900000, 0x0000000087900000|100%| E|CS|TAMS 0x0000000087800000, 0x0000000087800000| Complete 
| 121|0x0000000087900000, 0x0000000087a00000, 0x0000000087a00000|100%| E|CS|TAMS 0x0000000087900000, 0x0000000087900000| Complete 
| 122|0x0000000087a00000, 0x0000000087b00000, 0x0000000087b00000|100%| E|CS|TAMS 0x0000000087a00000, 0x0000000087a00000| Complete 
| 123|0x0000000087b00000, 0x0000000087c00000, 0x0000000087c00000|100%| E|CS|TAMS 0x0000000087b00000, 0x0000000087b00000| Complete 
| 124|0x0000000087c00000, 0x0000000087d00000, 0x0000000087d00000|100%| E|CS|TAMS 0x0000000087c00000, 0x0000000087c00000| Complete 
| 125|0x0000000087d00000, 0x0000000087e00000, 0x0000000087e00000|100%| E|CS|TAMS 0x0000000087d00000, 0x0000000087d00000| Complete 
| 126|0x0000000087e00000, 0x0000000087f00000, 0x0000000087f00000|100%| E|CS|TAMS 0x0000000087e00000, 0x0000000087e00000| Complete 
| 127|0x0000000087f00000, 0x0000000088000000, 0x0000000088000000|100%| E|CS|TAMS 0x0000000087f00000, 0x0000000087f00000| Complete 

Card table byte_map: [0x000002504bd90000,0x000002504c190000] _byte_map_base: 0x000002504b990000

Marking Bits (Prev, Next): (CMBitMap*) 0x000002503844bdb8, (CMBitMap*) 0x000002503844bdf0
 Prev Bits: [0x000002504c590000, 0x000002504e590000)
 Next Bits: [0x000002504e590000, 0x0000025050590000)

Polling page: 0x0000025036b60000

Metaspace:

Usage:
  Non-class:     70.96 MB capacity,    69.46 MB ( 98%) used,     1.26 MB (  2%) free+waste,   248.00 KB ( <1%) overhead. 
      Class:     11.34 MB capacity,    10.55 MB ( 93%) used,   693.59 KB (  6%) free+waste,   115.50 KB ( <1%) overhead. 
       Both:     82.31 MB capacity,    80.02 MB ( 97%) used,     1.94 MB (  2%) free+waste,   363.50 KB ( <1%) overhead. 

Virtual space:
  Non-class space:       72.00 MB reserved,      71.00 MB ( 99%) committed 
      Class space:        1.00 GB reserved,      11.38 MB (  1%) committed 
             Both:        1.07 GB reserved,      82.38 MB (  8%) committed 

Chunk freelists:
   Non-Class:  36.00 KB
       Class:  1.00 KB
        Both:  37.00 KB

MaxMetaspaceSize: 17179869184.00 GB
CompressedClassSpaceSize: 1.00 GB
Initial GC threshold: 20.80 MB
Current GC threshold: 106.67 MB
CDS: off

CodeHeap 'non-profiled nmethods': size=120000Kb used=4846Kb max_used=4846Kb free=115153Kb
 bounds [0x00000250439f0000, 0x0000025043eb0000, 0x000002504af20000]
CodeHeap 'profiled nmethods': size=120000Kb used=18717Kb max_used=18717Kb free=101282Kb
 bounds [0x000002503c4c0000, 0x000002503d710000, 0x00000250439f0000]
CodeHeap 'non-nmethods': size=5760Kb used=2363Kb max_used=2413Kb free=3397Kb
 bounds [0x000002503bf20000, 0x000002503c190000, 0x000002503c4c0000]
 total_blobs=9892 nmethods=9016 adapters=788
 compilation: enabled
              stopped_count=0, restarted_count=0
 full_count=0

Compilation events (20 events):
Event: 25.112 Thread 0x000002505395f000 nmethod 9013 0x000002503d6e1710 code [0x000002503d6e18c0, 0x000002503d6e19d8]
Event: 25.112 Thread 0x000002505395f000 9014       2       org.gradle.internal.serialize.HashCodeSerializer::read (6 bytes)
Event: 25.112 Thread 0x000002505395f000 nmethod 9014 0x000002503d6e1a90 code [0x000002503d6e1c60, 0x000002503d6e1e68]
Event: 25.114 Thread 0x000002505395f000 9015       2       org.gradle.internal.classloader.ClassLoaderSpec::<init> (5 bytes)
Event: 25.114 Thread 0x000002505395f000 nmethod 9015 0x000002503d6e1f90 code [0x000002503d6e2140, 0x000002503d6e2238]
Event: 25.118 Thread 0x000002505395f000 9016       1       org.gradle.internal.execution.impl.DefaultExecutionEngine::access$200 (5 bytes)
Event: 25.118 Thread 0x000002505395f000 nmethod 9016 0x0000025043ea5590 code [0x0000025043ea5740, 0x0000025043ea57d8]
Event: 25.125 Thread 0x000002505395f000 9017       2       org.gradle.internal.classloader.ClassLoaderVisitor::visit (80 bytes)
Event: 25.127 Thread 0x000002505395f000 nmethod 9017 0x000002503d6e2310 code [0x000002503d6e2580, 0x000002503d6e2c98]
Event: 25.127 Thread 0x000002505395f000 9018       2       org.gradle.internal.classloader.ClassLoaderVisitor::visitParent (6 bytes)
Event: 25.127 Thread 0x000002505395f000 nmethod 9018 0x000002503d6e3110 code [0x000002503d6e32c0, 0x000002503d6e33e8]
Event: 25.127 Thread 0x000002505395f000 9020       2       org.gradle.internal.Either$Right::apply (11 bytes)
Event: 25.127 Thread 0x000002505395f000 nmethod 9020 0x000002503d6e3490 code [0x000002503d6e3640, 0x000002503d6e3768]
Event: 25.128 Thread 0x000002505395f000 9021   !   2       java.nio.file.Files::walkFileTree (294 bytes)
Event: 25.130 Thread 0x000002505395f000 nmethod 9021 0x000002503d6e3810 code [0x000002503d6e3b00, 0x000002503d6e44e8]
Event: 25.130 Thread 0x000002505395f000 9022       2       org.gradle.internal.classloader.ConfigurableClassLoaderHierarchyHasher$Visitor::visit (14 bytes)
Event: 25.130 Thread 0x000002505395f000 nmethod 9022 0x000002503d6e5010 code [0x000002503d6e51e0, 0x000002503d6e5338]
Event: 25.130 Thread 0x000002505395f000 9023       2       org.gradle.internal.classloader.ConfigurableClassLoaderHierarchyHasher$Visitor::addToHash (86 bytes)
Event: 25.131 Thread 0x000002505395f000 nmethod 9023 0x000002503d6e5410 code [0x000002503d6e56c0, 0x000002503d6e5fb8]
Event: 25.131 Thread 0x000002505395f000 9026   !   2       org.gradle.internal.execution.fingerprint.impl.DefaultInputFingerprinter$InputCollectingVisitor::visitInputProperty (115 bytes)

GC Heap History (20 events):
Event: 15.238 GC heap before
{Heap before GC invocations=8 (full 0):
 garbage-first heap   total 131072K, used 95374K [0x0000000080000000, 0x0000000100000000)
  region size 1024K, 74 young (75776K), 9 survivors (9216K)
 Metaspace       used 46187K, capacity 47386K, committed 47616K, reserved 1091584K
  class space    used 5942K, capacity 6330K, committed 6400K, reserved 1048576K
}
Event: 15.250 GC heap after
{Heap after GC invocations=9 (full 0):
 garbage-first heap   total 131072K, used 30263K [0x0000000080000000, 0x0000000100000000)
  region size 1024K, 4 young (4096K), 4 survivors (4096K)
 Metaspace       used 46187K, capacity 47386K, committed 47616K, reserved 1091584K
  class space    used 5942K, capacity 6330K, committed 6400K, reserved 1048576K
}
Event: 18.057 GC heap before
{Heap before GC invocations=9 (full 0):
 garbage-first heap   total 131072K, used 100919K [0x0000000080000000, 0x0000000100000000)
  region size 1024K, 70 young (71680K), 4 survivors (4096K)
 Metaspace       used 48766K, capacity 50086K, committed 50304K, reserved 1093632K
  class space    used 6244K, capacity 6690K, committed 6784K, reserved 1048576K
}
Event: 18.068 GC heap after
{Heap after GC invocations=10 (full 0):
 garbage-first heap   total 131072K, used 44512K [0x0000000080000000, 0x0000000100000000)
  region size 1024K, 9 young (9216K), 9 survivors (9216K)
 Metaspace       used 48766K, capacity 50086K, committed 50304K, reserved 1093632K
  class space    used 6244K, capacity 6690K, committed 6784K, reserved 1048576K
}
Event: 19.237 GC heap before
{Heap before GC invocations=10 (full 0):
 garbage-first heap   total 131072K, used 97760K [0x0000000080000000, 0x0000000100000000)
  region size 1024K, 61 young (62464K), 9 survivors (9216K)
 Metaspace       used 55644K, capacity 57193K, committed 57344K, reserved 1099776K
  class space    used 7093K, capacity 7598K, committed 7680K, reserved 1048576K
}
Event: 19.246 GC heap after
{Heap after GC invocations=11 (full 0):
 garbage-first heap   total 131072K, used 47262K [0x0000000080000000, 0x0000000100000000)
  region size 1024K, 3 young (3072K), 3 survivors (3072K)
 Metaspace       used 55644K, capacity 57193K, committed 57344K, reserved 1099776K
  class space    used 7093K, capacity 7598K, committed 7680K, reserved 1048576K
}
Event: 19.705 GC heap before
{Heap before GC invocations=11 (full 0):
 garbage-first heap   total 131072K, used 65694K [0x0000000080000000, 0x0000000100000000)
  region size 1024K, 22 young (22528K), 3 survivors (3072K)
 Metaspace       used 58238K, capacity 59761K, committed 59948K, reserved 1101824K
  class space    used 7431K, capacity 7959K, committed 8064K, reserved 1048576K
}
Event: 19.711 GC heap after
{Heap after GC invocations=12 (full 0):
 garbage-first heap   total 131072K, used 47533K [0x0000000080000000, 0x0000000100000000)
  region size 1024K, 3 young (3072K), 3 survivors (3072K)
 Metaspace       used 58238K, capacity 59761K, committed 59948K, reserved 1101824K
  class space    used 7431K, capacity 7959K, committed 8064K, reserved 1048576K
}
Event: 20.573 GC heap before
{Heap before GC invocations=13 (full 0):
 garbage-first heap   total 131072K, used 97709K [0x0000000080000000, 0x0000000100000000)
  region size 1024K, 53 young (54272K), 3 survivors (3072K)
 Metaspace       used 63397K, capacity 64998K, committed 65280K, reserved 1105920K
  class space    used 8056K, capacity 8590K, committed 8704K, reserved 1048576K
}
Event: 20.587 GC heap after
{Heap after GC invocations=14 (full 0):
 garbage-first heap   total 131072K, used 51912K [0x0000000080000000, 0x0000000100000000)
  region size 1024K, 7 young (7168K), 7 survivors (7168K)
 Metaspace       used 63397K, capacity 64998K, committed 65280K, reserved 1105920K
  class space    used 8056K, capacity 8590K, committed 8704K, reserved 1048576K
}
Event: 21.241 GC heap before
{Heap before GC invocations=15 (full 0):
 garbage-first heap   total 131072K, used 101064K [0x0000000080000000, 0x0000000100000000)
  region size 1024K, 54 young (55296K), 7 survivors (7168K)
 Metaspace       used 65326K, capacity 67017K, committed 67072K, reserved 1107968K
  class space    used 8343K, capacity 8936K, committed 8960K, reserved 1048576K
}
Event: 21.249 GC heap after
{Heap after GC invocations=16 (full 0):
 garbage-first heap   total 131072K, used 55356K [0x0000000080000000, 0x0000000100000000)
  region size 1024K, 4 young (4096K), 4 survivors (4096K)
 Metaspace       used 65326K, capacity 67017K, committed 67072K, reserved 1107968K
  class space    used 8343K, capacity 8936K, committed 8960K, reserved 1048576K
}
Event: 21.870 GC heap before
{Heap before GC invocations=16 (full 0):
 garbage-first heap   total 131072K, used 102460K [0x0000000080000000, 0x0000000100000000)
  region size 1024K, 50 young (51200K), 4 survivors (4096K)
 Metaspace       used 69682K, capacity 71337K, committed 71424K, reserved 1112064K
  class space    used 9089K, capacity 9690K, committed 9728K, reserved 1048576K
}
Event: 21.876 GC heap after
{Heap after GC invocations=17 (full 0):
 garbage-first heap   total 131072K, used 58175K [0x0000000080000000, 0x0000000100000000)
  region size 1024K, 7 young (7168K), 7 survivors (7168K)
 Metaspace       used 69682K, capacity 71337K, committed 71424K, reserved 1112064K
  class space    used 9089K, capacity 9690K, committed 9728K, reserved 1048576K
}
Event: 22.617 GC heap before
{Heap before GC invocations=17 (full 0):
 garbage-first heap   total 131072K, used 104255K [0x0000000080000000, 0x0000000100000000)
  region size 1024K, 52 young (53248K), 7 survivors (7168K)
 Metaspace       used 73417K, capacity 75273K, committed 75392K, reserved 1114112K
  class space    used 9599K, capacity 10252K, committed 10368K, reserved 1048576K
}
Event: 22.627 GC heap after
{Heap after GC invocations=18 (full 0):
 garbage-first heap   total 131072K, used 61222K [0x0000000080000000, 0x0000000100000000)
  region size 1024K, 6 young (6144K), 6 survivors (6144K)
 Metaspace       used 73417K, capacity 75273K, committed 75392K, reserved 1114112K
  class space    used 9599K, capacity 10252K, committed 10368K, reserved 1048576K
}
Event: 23.599 GC heap before
{Heap before GC invocations=18 (full 0):
 garbage-first heap   total 131072K, used 106278K [0x0000000080000000, 0x0000000100000000)
  region size 1024K, 50 young (51200K), 6 survivors (6144K)
 Metaspace       used 78508K, capacity 80392K, committed 80640K, reserved 1118208K
  class space    used 10280K, capacity 10961K, committed 11008K, reserved 1048576K
}
Event: 23.607 GC heap after
{Heap after GC invocations=19 (full 0):
 garbage-first heap   total 131072K, used 64317K [0x0000000080000000, 0x0000000100000000)
  region size 1024K, 6 young (6144K), 6 survivors (6144K)
 Metaspace       used 78508K, capacity 80392K, committed 80640K, reserved 1118208K
  class space    used 10280K, capacity 10961K, committed 11008K, reserved 1048576K
}
Event: 24.763 GC heap before
{Heap before GC invocations=19 (full 0):
 garbage-first heap   total 131072K, used 106301K [0x0000000080000000, 0x0000000100000000)
  region size 1024K, 48 young (49152K), 6 survivors (6144K)
 Metaspace       used 81416K, capacity 83631K, committed 83712K, reserved 1122304K
  class space    used 10749K, capacity 11505K, committed 11520K, reserved 1048576K
}
Event: 24.773 GC heap after
{Heap after GC invocations=20 (full 0):
 garbage-first heap   total 131072K, used 67451K [0x0000000080000000, 0x0000000100000000)
  region size 1024K, 6 young (6144K), 6 survivors (6144K)
 Metaspace       used 81416K, capacity 83631K, committed 83712K, reserved 1122304K
  class space    used 10749K, capacity 11505K, committed 11520K, reserved 1048576K
}

Deoptimization events (20 events):
Event: 24.840 Thread 0x0000025056ec5800 DEOPT PACKING pc=0x000002503d49c0c4 sp=0x000000554d0fd3d0
Event: 24.840 Thread 0x0000025056ec5800 DEOPT UNPACKING pc=0x000002503bf6a95e sp=0x000000554d0fc970 mode 0
Event: 24.889 Thread 0x00000250549c0800 Uncommon trap: trap_request=0xffffff4d fr.pc=0x0000025043c6c158 relative=0x00000000000001f8
Event: 24.889 Thread 0x00000250549c0800 Uncommon trap: reason=unstable_if action=reinterpret pc=0x0000025043c6c158 method=com.esotericsoftware.kryo.io.Input.readVarInt(Z)I @ 42 c2
Event: 24.889 Thread 0x00000250549c0800 DEOPT PACKING pc=0x0000025043c6c158 sp=0x000000554abfe4d0
Event: 24.889 Thread 0x00000250549c0800 DEOPT UNPACKING pc=0x000002503bf6a1af sp=0x000000554abfe3c0 mode 2
Event: 24.915 Thread 0x00000250549c4800 DEOPT PACKING pc=0x000002503d641cb1 sp=0x000000554b2fba10
Event: 24.915 Thread 0x00000250549c4800 DEOPT UNPACKING pc=0x000002503bf6a95e sp=0x000000554b2faed8 mode 0
Event: 24.995 Thread 0x0000025059267000 DEOPT PACKING pc=0x000002503d49c0c4 sp=0x000000554bafd6d0
Event: 24.995 Thread 0x0000025059267000 DEOPT UNPACKING pc=0x000002503bf6a95e sp=0x000000554bafcc70 mode 0
Event: 25.013 Thread 0x0000025059264000 Uncommon trap: trap_request=0xffffff4d fr.pc=0x0000025043c9ec68 relative=0x00000000000001a8
Event: 25.013 Thread 0x0000025059264000 Uncommon trap: reason=unstable_if action=reinterpret pc=0x0000025043c9ec68 method=org.gradle.internal.snapshot.PathUtil.equalChars(CCLorg/gradle/internal/snapshot/CaseSensitivity;)Z @ 11 c2
Event: 25.013 Thread 0x0000025059264000 DEOPT PACKING pc=0x0000025043c9ec68 sp=0x000000554bcfcb00
Event: 25.013 Thread 0x0000025059264000 DEOPT UNPACKING pc=0x000002503bf6a1af sp=0x000000554bcfca98 mode 2
Event: 25.022 Thread 0x000002505926a800 DEOPT PACKING pc=0x000002503d49c0c4 sp=0x000000554c1fc7e0
Event: 25.023 Thread 0x000002505926a800 DEOPT UNPACKING pc=0x000002503bf6a95e sp=0x000000554c1fbd80 mode 0
Event: 25.056 Thread 0x0000025056ebf000 DEOPT PACKING pc=0x000002503d49c0c4 sp=0x000000554cffce40
Event: 25.056 Thread 0x0000025056ebf000 DEOPT UNPACKING pc=0x000002503bf6a95e sp=0x000000554cffc3e0 mode 0
Event: 25.102 Thread 0x0000025059272000 DEOPT PACKING pc=0x000002503d49c0c4 sp=0x000000554c7fcb40
Event: 25.102 Thread 0x0000025059272000 DEOPT UNPACKING pc=0x000002503bf6a95e sp=0x000000554c7fc0e0 mode 0

Classes redefined (0 events):
No events

Internal exceptions (20 events):
Event: 23.837 Thread 0x0000025056f81800 Exception <a 'java/lang/NoSuchMethodError'{0x0000000087354030}: <clinit>> (0x0000000087354030) thrown at [./src/hotspot/share/prims/jni.cpp, line 1365]
Event: 23.843 Thread 0x0000025056f81800 Exception <a 'java/lang/NoSuchMethodError'{0x0000000087368a80}: <clinit>> (0x0000000087368a80) thrown at [./src/hotspot/share/prims/jni.cpp, line 1365]
Event: 23.846 Thread 0x0000025056f81800 Exception <a 'java/lang/NoSuchMethodError'{0x00000000873a6288}: <clinit>> (0x00000000873a6288) thrown at [./src/hotspot/share/prims/jni.cpp, line 1365]
Event: 23.848 Thread 0x0000025056f81800 Exception <a 'java/lang/NoSuchMethodError'{0x00000000873b0468}: 'void java.lang.invoke.DirectMethodHandle$Holder.invokeSpecial(java.lang.Object, java.lang.Object, java.lang.Object, int)'> (0x00000000873b0468) thrown at [./src/hotspot/share/interpreter/linkResolver.cpp, line 773]
Event: 23.853 Thread 0x0000025056f88000 Exception <a 'java/lang/IncompatibleClassChangeError'{0x00000000873e96f0}: Found class java.lang.Object, but interface was expected> (0x00000000873e96f0) thrown at [./src/hotspot/share/interpreter/linkResolver.cpp, line 839]
Event: 23.898 Thread 0x0000025054461000 Exception <a 'java/lang/NoSuchMethodError'{0x0000000087166bc0}: <clinit>> (0x0000000087166bc0) thrown at [./src/hotspot/share/prims/jni.cpp, line 1365]
Event: 23.899 Thread 0x0000025056f88000 Exception <a 'java/lang/NoSuchMethodError'{0x00000000871290c8}: 'java.lang.Object java.lang.invoke.DirectMethodHandle$Holder.invokeInterface(java.lang.Object, java.lang.Object, int)'> (0x00000000871290c8) thrown at [./src/hotspot/share/interpreter/linkResolver.cpp, line 773]
Event: 23.901 Thread 0x0000025056f88000 Exception <a 'java/lang/NoSuchMethodError'{0x000000008713b348}: 'void java.lang.invoke.DirectMethodHandle$Holder.invokeStatic(java.lang.Object, java.lang.Object, java.lang.Object, int)'> (0x000000008713b348) thrown at [./src/hotspot/share/interpreter/linkResolver.cpp, line 773]
Event: 23.963 Thread 0x0000025056f88000 Implicit null exception at 0x0000025043caba77 to 0x0000025043cabc08
Event: 23.979 Thread 0x0000025056f88000 Exception <a 'java/lang/IncompatibleClassChangeError'{0x0000000086f58850}: Found class java.lang.Object, but interface was expected> (0x0000000086f58850) thrown at [./src/hotspot/share/interpreter/linkResolver.cpp, line 839]
Event: 24.641 Thread 0x0000025056f88000 Exception <a 'java/lang/NoSuchMethodError'{0x00000000861b7990}: 'void java.lang.invoke.DirectMethodHandle$Holder.invokeStatic(java.lang.Object, java.lang.Object, java.lang.Object, java.lang.Object, int, java.lang.Object, java.lang.Object)'> (0x00000000861b7990) thrown at [./src/hotspot/share/interpreter/linkResolver.cpp, line 773]
Event: 24.685 Thread 0x00000250549cb000 Exception <a 'java/lang/NoSuchMethodError'{0x0000000085a63d30}: 'java.lang.Object java.lang.invoke.DirectMethodHandle$Holder.invokeSpecialIFC(java.lang.Object, java.lang.Object, java.lang.Object)'> (0x0000000085a63d30) thrown at [./src/hotspot/share/interpreter/linkResolver.cpp, line 773]
Event: 24.685 Thread 0x00000250549c4800 Exception <a 'java/lang/NoSuchMethodError'{0x0000000085a56180}: 'java.lang.Object java.lang.invoke.DirectMethodHandle$Holder.invokeSpecialIFC(java.lang.Object, java.lang.Object, java.lang.Object)'> (0x0000000085a56180) thrown at [./src/hotspot/share/interpreter/linkResolver.cpp, line 773]
Event: 24.685 Thread 0x000002505926a800 Exception <a 'java/lang/NoSuchMethodError'{0x0000000085a71e50}: 'java.lang.Object java.lang.invoke.DirectMethodHandle$Holder.invokeSpecialIFC(java.lang.Object, java.lang.Object, java.lang.Object)'> (0x0000000085a71e50) thrown at [./src/hotspot/share/interpreter/linkResolver.cpp, line 773]
Event: 24.685 Thread 0x0000025059271000 Exception <a 'java/lang/NoSuchMethodError'{0x0000000085bf4a28}: 'java.lang.Object java.lang.invoke.DirectMethodHandle$Holder.invokeSpecialIFC(java.lang.Object, java.lang.Object, java.lang.Object)'> (0x0000000085bf4a28) thrown at [./src/hotspot/share/interpreter/linkResolver.cpp, line 773]
Event: 24.685 Thread 0x0000025059267000 Exception <a 'java/lang/NoSuchMethodError'{0x0000000085bd7158}: 'java.lang.Object java.lang.invoke.DirectMethodHandle$Holder.invokeSpecialIFC(java.lang.Object, java.lang.Object, java.lang.Object)'> (0x0000000085bd7158) thrown at [./src/hotspot/share/interpreter/linkResolver.cpp, line 773]
Event: 24.685 Thread 0x000002505926d800 Exception <a 'java/lang/NoSuchMethodError'{0x0000000085a2e910}: 'java.lang.Object java.lang.invoke.DirectMethodHandle$Holder.invokeSpecialIFC(java.lang.Object, java.lang.Object, java.lang.Object)'> (0x0000000085a2e910) thrown at [./src/hotspot/share/interpreter/linkResolver.cpp, line 773]
Event: 24.685 Thread 0x0000025056ec5800 Exception <a 'java/lang/NoSuchMethodError'{0x0000000085a3cf48}: 'java.lang.Object java.lang.invoke.DirectMethodHandle$Holder.invokeSpecialIFC(java.lang.Object, java.lang.Object, java.lang.Object)'> (0x0000000085a3cf48) thrown at [./src/hotspot/share/interpreter/linkResolver.cpp, line 773]
Event: 24.685 Thread 0x0000025059264000 Exception <a 'java/lang/NoSuchMethodError'{0x0000000085a4c460}: 'java.lang.Object java.lang.invoke.DirectMethodHandle$Holder.invokeSpecialIFC(java.lang.Object, java.lang.Object, java.lang.Object)'> (0x0000000085a4c460) thrown at [./src/hotspot/share/interpreter/linkResolver.cpp, line 773]
Event: 24.747 Thread 0x0000025059264000 Exception <a 'java/lang/NoSuchMethodError'{0x00000000857eb468}: 'int java.lang.invoke.DirectMethodHandle$Holder.invokeStaticInit(java.lang.Object, java.lang.Object, java.lang.Object, java.lang.Object, java.lang.Object)'> (0x00000000857eb468) thrown at [./src/hotspot/share/interpreter/linkResolver.cpp, line 773]

Events (20 events):
Event: 24.989 Executing coalesced safepoint VM operation: RevokeBias
Event: 24.989 Executing coalesced safepoint VM operation: RevokeBias done
Event: 24.989 Executing VM operation: RevokeBias done
Event: 24.993 Executing VM operation: RevokeBias
Event: 24.994 Executing coalesced safepoint VM operation: RevokeBias
Event: 24.994 Executing coalesced safepoint VM operation: RevokeBias done
Event: 24.994 Executing VM operation: RevokeBias done
Event: 24.998 Executing VM operation: BulkRevokeBias
Event: 25.000 Executing VM operation: BulkRevokeBias done
Event: 25.005 Loaded shared library C:\Program Files\Android\Android Studio\jre\bin\java.dll
Event: 25.073 Executing VM operation: RevokeBias
Event: 25.073 Executing VM operation: RevokeBias done
Event: 25.074 loading class org/gradle/api/internal/artifacts/transform/CacheableInvocation$2
Event: 25.074 loading class org/gradle/api/internal/artifacts/transform/CacheableInvocation$2 done
Event: 25.075 loading class org/gradle/internal/Try$Success
Event: 25.075 loading class org/gradle/internal/Try$Success done
Event: 25.076 loading class org/gradle/api/internal/artifacts/transform/CacheableInvocation
Event: 25.076 loading class org/gradle/api/internal/artifacts/transform/CacheableInvocation done
Event: 25.076 loading class org/gradle/api/internal/artifacts/transform/CacheableInvocation
Event: 25.076 loading class org/gradle/api/internal/artifacts/transform/CacheableInvocation done


Dynamic libraries:
0x00007ff600c90000 - 0x00007ff600c9a000 	C:\Program Files\Android\Android Studio\jre\bin\java.exe
0x00007ffbfc5f0000 - 0x00007ffbfc7e8000 	C:\Windows\SYSTEM32\ntdll.dll
0x00007ffbfbda0000 - 0x00007ffbfbe5d000 	C:\Windows\System32\KERNEL32.DLL
0x00007ffbfa380000 - 0x00007ffbfa64e000 	C:\Windows\System32\KERNELBASE.dll
0x00007ffbf9da0000 - 0x00007ffbf9ea0000 	C:\Windows\System32\ucrtbase.dll
0x00007ffba3640000 - 0x00007ffba3657000 	C:\Program Files\Android\Android Studio\jre\bin\VCRUNTIME140.dll
0x00007ffba3010000 - 0x00007ffba3029000 	C:\Program Files\Android\Android Studio\jre\bin\jli.dll
0x00007ffbfaf40000 - 0x00007ffbfb0e0000 	C:\Windows\System32\USER32.dll
0x00007ffbfa180000 - 0x00007ffbfa1a2000 	C:\Windows\System32\win32u.dll
0x00007ffbfa8d0000 - 0x00007ffbfa8fa000 	C:\Windows\System32\GDI32.dll
0x00007ffbf9ef0000 - 0x00007ffbf9ffb000 	C:\Windows\System32\gdi32full.dll
0x00007ffbfa000000 - 0x00007ffbfa09d000 	C:\Windows\System32\msvcp_win.dll
0x00007ffbe2fe0000 - 0x00007ffbe327a000 	C:\Windows\WinSxS\amd64_microsoft.windows.common-controls_6595b64144ccf1df_6.0.19041.1110_none_60b5254171f9507e\COMCTL32.dll
0x00007ffbfa700000 - 0x00007ffbfa79e000 	C:\Windows\System32\msvcrt.dll
0x00007ffbfad80000 - 0x00007ffbfadb0000 	C:\Windows\System32\IMM32.DLL
0x00007ffb9c840000 - 0x00007ffb9c8dd000 	C:\Program Files\Android\Android Studio\jre\bin\msvcp140.dll
0x00007ffb98ba0000 - 0x00007ffb99685000 	C:\Program Files\Android\Android Studio\jre\bin\server\jvm.dll
0x00007ffbfa900000 - 0x00007ffbfa9ae000 	C:\Windows\System32\ADVAPI32.dll
0x00007ffbfba80000 - 0x00007ffbfbb1c000 	C:\Windows\System32\sechost.dll
0x00007ffbfb650000 - 0x00007ffbfb775000 	C:\Windows\System32\RPCRT4.dll
0x00007ffbfbbe0000 - 0x00007ffbfbbe8000 	C:\Windows\System32\PSAPI.DLL
0x00007ffbe46b0000 - 0x00007ffbe46b9000 	C:\Windows\SYSTEM32\WSOCK32.dll
0x00007ffbfa9b0000 - 0x00007ffbfaa1b000 	C:\Windows\System32\WS2_32.dll
0x00007ffbe3ce0000 - 0x00007ffbe3d07000 	C:\Windows\SYSTEM32\WINMM.dll
0x00007ffbf2740000 - 0x00007ffbf274a000 	C:\Windows\SYSTEM32\VERSION.dll
0x00007ffbf8590000 - 0x00007ffbf85a2000 	C:\Windows\SYSTEM32\kernel.appcore.dll
0x00007ffbd7f30000 - 0x00007ffbd7f41000 	C:\Program Files\Android\Android Studio\jre\bin\verify.dll
0x00007ffbf8250000 - 0x00007ffbf8434000 	C:\Windows\SYSTEM32\DBGHELP.DLL
0x00007ffbe2440000 - 0x00007ffbe246c000 	C:\Windows\SYSTEM32\dbgcore.DLL
0x00007ffbf9d10000 - 0x00007ffbf9d92000 	C:\Windows\System32\bcryptPrimitives.dll
0x00007ffba94f0000 - 0x00007ffba9519000 	C:\Program Files\Android\Android Studio\jre\bin\java.dll
0x00007ffbebdd0000 - 0x00007ffbebddb000 	C:\Program Files\Android\Android Studio\jre\bin\jimage.dll
0x00007ffbd4200000 - 0x00007ffbd4218000 	C:\Program Files\Android\Android Studio\jre\bin\zip.dll
0x00007ffbfbe60000 - 0x00007ffbfc5a3000 	C:\Windows\System32\SHELL32.dll
0x00007ffbf7ab0000 - 0x00007ffbf8245000 	C:\Windows\SYSTEM32\windows.storage.dll
0x00007ffbfaa20000 - 0x00007ffbfad74000 	C:\Windows\System32\combase.dll
0x00007ffbf96a0000 - 0x00007ffbf96d0000 	C:\Windows\SYSTEM32\Wldp.dll
0x00007ffbfbb30000 - 0x00007ffbfbbdd000 	C:\Windows\System32\SHCORE.dll
0x00007ffbfb0e0000 - 0x00007ffbfb135000 	C:\Windows\System32\shlwapi.dll
0x00007ffbf9c50000 - 0x00007ffbf9c6f000 	C:\Windows\SYSTEM32\profapi.dll
0x00007ffbcfed0000 - 0x00007ffbcfeea000 	C:\Program Files\Android\Android Studio\jre\bin\net.dll
0x00007ffbe7750000 - 0x00007ffbe785a000 	C:\Windows\SYSTEM32\WINHTTP.dll
0x00007ffbf9400000 - 0x00007ffbf946a000 	C:\Windows\system32\mswsock.dll
0x00007ffbcd740000 - 0x00007ffbcd754000 	C:\Program Files\Android\Android Studio\jre\bin\nio.dll
0x00007ffba3310000 - 0x00007ffba3337000 	C:\Users\Phuong Nam\.gradle\native\e1d6ef7f7dcc3fd88c89a11ec53ec762bb8ba0a96d01ffa2cd45eb1d1d8dd5c5\windows-amd64\native-platform.dll
0x00007ffb99e80000 - 0x00007ffb99fc4000 	C:\Users\Phuong Nam\.gradle\native\5664cfc778a61ccfe75a443a1ab52a65af34e5dc3c78e0209fed803814484fcb\windows-amd64\native-platform-file-events.dll
0x00007ffbe7a90000 - 0x00007ffbe7a9a000 	C:\Program Files\Android\Android Studio\jre\bin\management.dll
0x00007ffbe5bd0000 - 0x00007ffbe5bdd000 	C:\Program Files\Android\Android Studio\jre\bin\management_ext.dll
0x00007ffbf9600000 - 0x00007ffbf9618000 	C:\Windows\SYSTEM32\CRYPTSP.dll
0x00007ffbf8d80000 - 0x00007ffbf8db4000 	C:\Windows\system32\rsaenh.dll
0x00007ffbfa150000 - 0x00007ffbfa177000 	C:\Windows\System32\bcrypt.dll
0x00007ffbf9bd0000 - 0x00007ffbf9bfe000 	C:\Windows\SYSTEM32\USERENV.dll
0x00007ffbf95f0000 - 0x00007ffbf95fc000 	C:\Windows\SYSTEM32\CRYPTBASE.dll
0x00007ffbf90f0000 - 0x00007ffbf912b000 	C:\Windows\SYSTEM32\IPHLPAPI.DLL
0x00007ffbfaf30000 - 0x00007ffbfaf38000 	C:\Windows\System32\NSI.dll
0x00007ffbf27a0000 - 0x00007ffbf27b7000 	C:\Windows\SYSTEM32\dhcpcsvc6.DLL
0x00007ffbf2cc0000 - 0x00007ffbf2cdd000 	C:\Windows\SYSTEM32\dhcpcsvc.DLL
0x00007ffbf9130000 - 0x00007ffbf91fa000 	C:\Windows\SYSTEM32\DNSAPI.dll

dbghelp: loaded successfully - version: 4.0.5 - missing functions: none
symbol engine: initialized successfully - sym options: 0x614 - pdb path: .;C:\Program Files\Android\Android Studio\jre\bin;C:\Windows\SYSTEM32;C:\Windows\WinSxS\amd64_microsoft.windows.common-controls_6595b64144ccf1df_6.0.19041.1110_none_60b5254171f9507e;C:\Program Files\Android\Android Studio\jre\bin\server;C:\Users\Phuong Nam\.gradle\native\e1d6ef7f7dcc3fd88c89a11ec53ec762bb8ba0a96d01ffa2cd45eb1d1d8dd5c5\windows-amd64;C:\Users\Phuong Nam\.gradle\native\5664cfc778a61ccfe75a443a1ab52a65af34e5dc3c78e0209fed803814484fcb\windows-amd64

VM Arguments:
jvm_args: --add-opens=java.base/java.util=ALL-UNNAMED --add-opens=java.base/java.lang=ALL-UNNAMED --add-opens=java.base/java.lang.invoke=ALL-UNNAMED --add-opens=java.base/java.util=ALL-UNNAMED --add-opens=java.prefs/java.util.prefs=ALL-UNNAMED --add-opens=java.prefs/java.util.prefs=ALL-UNNAMED --add-opens=java.base/java.nio.charset=ALL-UNNAMED --add-opens=java.base/java.net=ALL-UNNAMED --add-opens=java.base/java.util.concurrent.atomic=ALL-UNNAMED -Xmx2048m -Dfile.encoding=UTF-8 -Duser.country=US -Duser.language=en -Duser.variant 
java_command: org.gradle.launcher.daemon.bootstrap.GradleDaemon 7.3.3
java_class_path (initial): C:\Users\Phuong Nam\.gradle\wrapper\dists\gradle-7.3.3-bin\6a41zxkdtcxs8rphpq6y0069z\gradle-7.3.3\lib\gradle-launcher-7.3.3.jar
Launcher Type: SUN_STANDARD

[Global flags]
     intx CICompilerCount                          = 4                                         {product} {ergonomic}
     uint ConcGCThreads                            = 2                                         {product} {ergonomic}
     uint G1ConcRefinementThreads                  = 8                                         {product} {ergonomic}
   size_t G1HeapRegionSize                         = 1048576                                   {product} {ergonomic}
    uintx GCDrainStackTargetSize                   = 64                                        {product} {ergonomic}
   size_t InitialHeapSize                          = 134217728                                 {product} {ergonomic}
   size_t MarkStackSize                            = 4194304                                   {product} {ergonomic}
   size_t MaxHeapSize                              = 2147483648                                {product} {command line}
   size_t MaxNewSize                               = 1287651328                                {product} {ergonomic}
   size_t MinHeapDeltaBytes                        = 1048576                                   {product} {ergonomic}
    uintx NonNMethodCodeHeapSize                   = 5836300                                {pd product} {ergonomic}
    uintx NonProfiledCodeHeapSize                  = 122910970                              {pd product} {ergonomic}
    uintx ProfiledCodeHeapSize                     = 122910970                              {pd product} {ergonomic}
    uintx ReservedCodeCacheSize                    = 251658240                              {pd product} {ergonomic}
     bool SegmentedCodeCache                       = true                                      {product} {ergonomic}
     bool UseCompressedClassPointers               = true                                 {lp64_product} {ergonomic}
     bool UseCompressedOops                        = true                                 {lp64_product} {ergonomic}
     bool UseG1GC                                  = true                                      {product} {ergonomic}
     bool UseLargePagesIndividualAllocation        = false                                  {pd product} {ergonomic}

Logging:
Log output configuration:
 #0: stdout all=warning uptime,level,tags
 #1: stderr all=off uptime,level,tags

Environment Variables:
PATH=C:\Windows\system32;C:\Windows;C:\Windows\System32\Wbem;C:\Windows\System32\WindowsPowerShell\v1.0\;C:\Windows\System32\OpenSSH\;C:\Program Files\Git\cmd;C:\Users\Phuong Nam\AppData\Local\Microsoft\WindowsApps;C:\Users\Phuong Nam\AppData\Local\GitHubDesktop\bin
USERNAME=Phuong Nam
OS=Windows_NT
PROCESSOR_IDENTIFIER=Intel64 Family 6 Model 94 Stepping 3, GenuineIntel



---------------  S Y S T E M  ---------------

OS: Windows 10 , 64 bit Build 19041 (10.0.19041.1889)
OS uptime: 0 days 5:32 hours

CPU:total 8 (initial active 8) (4 cores per cpu, 2 threads per core) family 6 model 94 stepping 3 microcode 0xf0, cmov, cx8, fxsr, mmx, sse, sse2, sse3, ssse3, sse4.1, sse4.2, popcnt, avx, avx2, aes, clmul, erms, rtm, 3dnowpref, lzcnt, ht, tsc, tscinvbit, bmi1, bmi2, adx, fma

Memory: 4k page, system-wide physical 8083M (369M free)
TotalPageFile size 18395M (AvailPageFile size 4M)
current process WorkingSet (physical memory assigned to process): 376M, peak: 376M
current process commit charge ("private bytes"): 413M, peak: 414M

vm_info: OpenJDK 64-Bit Server VM (11.0.12+7-b1504.28-7817840) for windows-amd64 JRE (11.0.12+7-b1504.28-7817840), built on Oct 13 2021 22:12:33 by "builder" with MS VC++ 14.0 (VS2015)

END.
